info: Server started at http://localhost:5050/api/v1/ {"timestamp":"2022-01-11T05:39:03.622Z"}
info: Connected to the database. {"timestamp":"2022-01-11T05:39:05.877Z"}
info: Server started at http://localhost:5050/api/v1/ {"timestamp":"2022-01-11T05:39:43.085Z"}
info: Connected to the database. {"timestamp":"2022-01-11T05:39:45.210Z"}
error: 
    status - 500 
    message - Error: secretOrPrivateKey must have a value
    at Object.sign (D:\EmployePayRoll\emppayroll\node_modules\jsonwebtoken\sign.js:107:20)
    at _callee2$ (D:\EmployePayRoll\emppayroll\src\services\/user.service.js:31:25)
    at tryCatch (D:\EmployePayRoll\emppayroll\node_modules\regenerator-runtime\runtime.js:63:40)
    at Generator.invoke [as _invoke] (D:\EmployePayRoll\emppayroll\node_modules\regenerator-runtime\runtime.js:294:22)
    at Generator.next (D:\EmployePayRoll\emppayroll\node_modules\regenerator-runtime\runtime.js:119:21)
    at asyncGeneratorStep (D:\EmployePayRoll\emppayroll\node_modules\@babel\runtime\helpers\asyncToGenerator.js:3:24)
    at _next (D:\EmployePayRoll\emppayroll\node_modules\@babel\runtime\helpers\asyncToGenerator.js:25:9) 
    url - /api/v1/users/login 
    method - GET 
    IP - ::ffff:127.0.0.1
   {"timestamp":"2022-01-11T05:43:47.394Z"}
error: 
    status - 500 
    message - Error: secretOrPrivateKey must have a value
    at Object.sign (D:\EmployePayRoll\emppayroll\node_modules\jsonwebtoken\sign.js:107:20)
    at _callee2$ (D:\EmployePayRoll\emppayroll\src\services\/user.service.js:31:25)
    at tryCatch (D:\EmployePayRoll\emppayroll\node_modules\regenerator-runtime\runtime.js:63:40)
    at Generator.invoke [as _invoke] (D:\EmployePayRoll\emppayroll\node_modules\regenerator-runtime\runtime.js:294:22)
    at Generator.next (D:\EmployePayRoll\emppayroll\node_modules\regenerator-runtime\runtime.js:119:21)
    at asyncGeneratorStep (D:\EmployePayRoll\emppayroll\node_modules\@babel\runtime\helpers\asyncToGenerator.js:3:24)
    at _next (D:\EmployePayRoll\emppayroll\node_modules\@babel\runtime\helpers\asyncToGenerator.js:25:9) 
    url - /api/v1/users/login 
    method - GET 
    IP - ::ffff:127.0.0.1
   {"timestamp":"2022-01-11T05:44:16.615Z"}
error: 
    status - 500 
    message - Error: secretOrPrivateKey must have a value
    at Object.sign (D:\EmployePayRoll\emppayroll\node_modules\jsonwebtoken\sign.js:107:20)
    at _callee2$ (D:\EmployePayRoll\emppayroll\src\services\/user.service.js:31:25)
    at tryCatch (D:\EmployePayRoll\emppayroll\node_modules\regenerator-runtime\runtime.js:63:40)
    at Generator.invoke [as _invoke] (D:\EmployePayRoll\emppayroll\node_modules\regenerator-runtime\runtime.js:294:22)
    at Generator.next (D:\EmployePayRoll\emppayroll\node_modules\regenerator-runtime\runtime.js:119:21)
    at asyncGeneratorStep (D:\EmployePayRoll\emppayroll\node_modules\@babel\runtime\helpers\asyncToGenerator.js:3:24)
    at _next (D:\EmployePayRoll\emppayroll\node_modules\@babel\runtime\helpers\asyncToGenerator.js:25:9) 
    url - /api/v1/users/login 
    method - GET 
    IP - ::ffff:127.0.0.1
   {"timestamp":"2022-01-11T05:44:16.963Z"}
info: Server started at http://localhost:5050/api/v1/ {"timestamp":"2022-01-11T06:46:45.669Z"}
info: Connected to the database. {"timestamp":"2022-01-11T06:46:48.991Z"}
error: 
    status - 500 
    message - Error: secretOrPrivateKey must have a value
    at Object.sign (D:\EmployePayRoll\emppayroll\node_modules\jsonwebtoken\sign.js:107:20)
    at _callee2$ (D:\EmployePayRoll\emppayroll\src\services\/user.service.js:31:25)
    at tryCatch (D:\EmployePayRoll\emppayroll\node_modules\regenerator-runtime\runtime.js:63:40)
    at Generator.invoke [as _invoke] (D:\EmployePayRoll\emppayroll\node_modules\regenerator-runtime\runtime.js:294:22)
    at Generator.next (D:\EmployePayRoll\emppayroll\node_modules\regenerator-runtime\runtime.js:119:21)
    at asyncGeneratorStep (D:\EmployePayRoll\emppayroll\node_modules\@babel\runtime\helpers\asyncToGenerator.js:3:24)
    at _next (D:\EmployePayRoll\emppayroll\node_modules\@babel\runtime\helpers\asyncToGenerator.js:25:9) 
    url - /api/v1/users/login 
    method - GET 
    IP - ::ffff:127.0.0.1
   {"timestamp":"2022-01-11T06:46:54.689Z"}
info: Server started at http://localhost:5050/api/v1/ {"timestamp":"2022-01-11T07:43:34.032Z"}
info: Connected to the database. {"timestamp":"2022-01-11T07:43:38.517Z"}
error: 
    status - 500 
    message - Error: secretOrPrivateKey must have a value
    at Object.sign (D:\EmployePayRoll\emppayroll\node_modules\jsonwebtoken\sign.js:107:20)
    at _callee2$ (D:\EmployePayRoll\emppayroll\src\services\/user.service.js:31:25)
    at tryCatch (D:\EmployePayRoll\emppayroll\node_modules\regenerator-runtime\runtime.js:63:40)
    at Generator.invoke [as _invoke] (D:\EmployePayRoll\emppayroll\node_modules\regenerator-runtime\runtime.js:294:22)
    at Generator.next (D:\EmployePayRoll\emppayroll\node_modules\regenerator-runtime\runtime.js:119:21)
    at asyncGeneratorStep (D:\EmployePayRoll\emppayroll\node_modules\@babel\runtime\helpers\asyncToGenerator.js:3:24)
    at _next (D:\EmployePayRoll\emppayroll\node_modules\@babel\runtime\helpers\asyncToGenerator.js:25:9) 
    url - /api/v1/users/login 
    method - GET 
    IP - ::ffff:127.0.0.1
   {"timestamp":"2022-01-11T07:43:50.012Z"}
info: Server started at http://localhost:5050/api/v1/ {"timestamp":"2022-01-11T07:44:25.677Z"}
info: Connected to the database. {"timestamp":"2022-01-11T07:44:29.820Z"}
error: 
    status - 500 
    message - Error: secretOrPrivateKey must have a value
    at Object.sign (D:\EmployePayRoll\emppayroll\node_modules\jsonwebtoken\sign.js:107:20)
    at _callee2$ (D:\EmployePayRoll\emppayroll\src\services\/user.service.js:31:25)
    at tryCatch (D:\EmployePayRoll\emppayroll\node_modules\regenerator-runtime\runtime.js:63:40)
    at Generator.invoke [as _invoke] (D:\EmployePayRoll\emppayroll\node_modules\regenerator-runtime\runtime.js:294:22)
    at Generator.next (D:\EmployePayRoll\emppayroll\node_modules\regenerator-runtime\runtime.js:119:21)
    at asyncGeneratorStep (D:\EmployePayRoll\emppayroll\node_modules\@babel\runtime\helpers\asyncToGenerator.js:3:24)
    at _next (D:\EmployePayRoll\emppayroll\node_modules\@babel\runtime\helpers\asyncToGenerator.js:25:9) 
    url - /api/v1/users/login 
    method - GET 
    IP - ::ffff:127.0.0.1
   {"timestamp":"2022-01-11T07:44:56.325Z"}
info: Server started at http://localhost:5050/api/v1/ {"timestamp":"2022-01-11T07:49:23.284Z"}
info: Connected to the database. {"timestamp":"2022-01-11T07:49:26.512Z"}
error: 
    status - 500 
    message - ReferenceError: token is not defined
    at D:\EmployePayRoll\emppayroll\src\services\/user.service.js:41:18
    at new Promise (<anonymous>)
    at _callee2$ (D:\EmployePayRoll\emppayroll\src\services\/user.service.js:32:14)
    at tryCatch (D:\EmployePayRoll\emppayroll\node_modules\regenerator-runtime\runtime.js:63:40)
    at Generator.invoke [as _invoke] (D:\EmployePayRoll\emppayroll\node_modules\regenerator-runtime\runtime.js:294:22)
    at Generator.next (D:\EmployePayRoll\emppayroll\node_modules\regenerator-runtime\runtime.js:119:21)
    at asyncGeneratorStep (D:\EmployePayRoll\emppayroll\node_modules\@babel\runtime\helpers\asyncToGenerator.js:3:24)
    at _next (D:\EmployePayRoll\emppayroll\node_modules\@babel\runtime\helpers\asyncToGenerator.js:25:9) 
    url - /api/v1/users/login 
    method - GET 
    IP - ::ffff:127.0.0.1
   {"timestamp":"2022-01-11T07:49:39.132Z"}
info: Server started at http://localhost:5050/api/v1/ {"timestamp":"2022-01-11T07:55:57.713Z"}
info: Connected to the database. {"timestamp":"2022-01-11T07:56:00.947Z"}
error: 
    status - 500 
    message - Error: secretOrPrivateKey must have a value
    at Object.sign (D:\EmployePayRoll\emppayroll\node_modules\jsonwebtoken\sign.js:107:20)
    at _callee2$ (D:\EmployePayRoll\emppayroll\src\services\/user.service.js:31:25)
    at tryCatch (D:\EmployePayRoll\emppayroll\node_modules\regenerator-runtime\runtime.js:63:40)
    at Generator.invoke [as _invoke] (D:\EmployePayRoll\emppayroll\node_modules\regenerator-runtime\runtime.js:294:22)
    at Generator.next (D:\EmployePayRoll\emppayroll\node_modules\regenerator-runtime\runtime.js:119:21)
    at asyncGeneratorStep (D:\EmployePayRoll\emppayroll\node_modules\@babel\runtime\helpers\asyncToGenerator.js:3:24)
    at _next (D:\EmployePayRoll\emppayroll\node_modules\@babel\runtime\helpers\asyncToGenerator.js:25:9) 
    url - /api/v1/users/login 
    method - GET 
    IP - ::ffff:127.0.0.1
   {"timestamp":"2022-01-11T07:58:43.036Z"}
info: Server started at http://localhost:5050/api/v1/ {"timestamp":"2022-01-11T07:59:25.100Z"}
info: Connected to the database. {"timestamp":"2022-01-11T07:59:28.447Z"}
info: Server started at http://localhost:5050/api/v1/ {"timestamp":"2022-01-11T08:14:33.404Z"}
info: Connected to the database. {"timestamp":"2022-01-11T08:14:39.885Z"}
info: Server started at http://localhost:5050/api/v1/ {"timestamp":"2022-01-11T09:43:50.201Z"}
info: Connected to the database. {"timestamp":"2022-01-11T09:43:52.998Z"}
info: Server started at http://localhost:5050/api/v1/ {"timestamp":"2022-01-11T10:52:32.851Z"}
info: Connected to the database. {"timestamp":"2022-01-11T10:52:35.042Z"}
info: Server started at http://localhost:5050/api/v1/ {"timestamp":"2022-01-11T11:45:27.922Z"}
info: Connected to the database. {"timestamp":"2022-01-11T11:45:30.482Z"}
info: Connected to the database. {"timestamp":"2022-01-11T11:49:13.908Z"}
info: Server started at http://localhost:5050/api/v1/ {"timestamp":"2022-01-11T12:15:55.218Z"}
info: Connected to the database. {"timestamp":"2022-01-11T12:15:57.461Z"}
info: Server started at http://localhost:5050/api/v1/ {"timestamp":"2022-01-11T12:43:11.622Z"}
info: Connected to the database. {"timestamp":"2022-01-11T12:43:18.319Z"}
info: Server started at http://localhost:5050/api/v1/ {"timestamp":"2022-01-11T12:49:18.213Z"}
info: Connected to the database. {"timestamp":"2022-01-11T12:49:22.486Z"}
info: Server started at http://localhost:5050/api/v1/ {"timestamp":"2022-01-11T12:49:34.918Z"}
info: Connected to the database. {"timestamp":"2022-01-11T12:49:38.523Z"}
info: Server started at http://localhost:5050/api/v1/ {"timestamp":"2022-01-11T13:02:21.807Z"}
info: Connected to the database. {"timestamp":"2022-01-11T13:02:27.236Z"}
info: Server started at http://localhost:5050/api/v1/ {"timestamp":"2022-01-11T13:05:26.116Z"}
info: Connected to the database. {"timestamp":"2022-01-11T13:05:33.651Z"}
info: Server started at http://localhost:5050/api/v1/ {"timestamp":"2022-01-11T15:19:25.142Z"}
info: Connected to the database. {"timestamp":"2022-01-11T15:19:30.268Z"}
info: Server started at http://localhost:5050/api/v1/ {"timestamp":"2022-01-11T17:06:52.127Z"}
info: Connected to the database. {"timestamp":"2022-01-11T17:06:54.488Z"}
info: Server started at http://localhost:5050/api/v1/ {"timestamp":"2022-01-11T17:39:11.539Z"}
info: Connected to the database. {"timestamp":"2022-01-11T17:39:15.375Z"}
info: Server started at http://localhost:5050/api/v1/ {"timestamp":"2022-01-11T17:41:08.572Z"}
info: Connected to the database. {"timestamp":"2022-01-11T17:41:11.911Z"}
info: Server started at http://localhost:5050/api/v1/ {"timestamp":"2022-01-11T17:41:16.084Z"}
info: Connected to the database. {"timestamp":"2022-01-11T17:41:19.366Z"}
error: 
      status - 400
      message - Authorization token is required 
      url - /api/v1/emp/addemployee 
      method - POST 
      IP - ::ffff:127.0.0.1
     {"timestamp":"2022-01-11T17:41:33.259Z"}
error: 
      status - 400
      message - Authorization token is required 
      url - /api/v1/emp/addemployee 
      method - POST 
      IP - ::ffff:127.0.0.1
     {"timestamp":"2022-01-11T17:47:51.984Z"}
error: 
      status - 400
      message - Authorization token is required 
      url - /api/v1/emp/addemployee 
      method - POST 
      IP - ::ffff:127.0.0.1
     {"timestamp":"2022-01-11T18:09:34.677Z"}
error: 
      status - 400
      message - Authorization token is required 
      url - /api/v1/emp/addemployee 
      method - POST 
      IP - ::ffff:127.0.0.1
     {"timestamp":"2022-01-11T18:09:36.218Z"}
error: 
      status - 400
      message - Authorization token is required 
      url - /api/v1/emp/addemployee 
      method - POST 
      IP - ::ffff:127.0.0.1
     {"timestamp":"2022-01-11T18:09:46.632Z"}
error: 
      status - 400
      message - Authorization token is required 
      url - /api/v1/emp/addemployee 
      method - POST 
      IP - ::ffff:127.0.0.1
     {"timestamp":"2022-01-11T18:10:36.387Z"}
error: 
      status - 400
      message - Authorization token is required 
      url - /api/v1/emp/addemployee 
      method - POST 
      IP - ::ffff:127.0.0.1
     {"timestamp":"2022-01-11T18:10:37.510Z"}
error: 
      status - 400
      message - Authorization token is required 
      url - /api/v1/emp/addemployee 
      method - POST 
      IP - ::ffff:127.0.0.1
     {"timestamp":"2022-01-11T18:10:37.700Z"}
error: 
      status - 400
      message - Authorization token is required 
      url - /api/v1/emp/addemployee 
      method - POST 
      IP - ::ffff:127.0.0.1
     {"timestamp":"2022-01-11T18:10:38.269Z"}
error: 
      status - 400
      message - Authorization token is required 
      url - /api/v1/emp/addemployee 
      method - POST 
      IP - ::ffff:127.0.0.1
     {"timestamp":"2022-01-11T18:16:34.266Z"}
info: Server started at http://localhost:5050/api/v1/ {"timestamp":"2022-01-11T18:23:17.619Z"}
error: 
      status - 400
      message - Authorization token is required 
      url - /api/v1/emp/addemployee 
      method - POST 
      IP - ::ffff:127.0.0.1
     {"timestamp":"2022-01-11T18:23:20.264Z"}
error: 
      status - 400
      message - Authorization token is required 
      url - /api/v1/emp/addemployee 
      method - POST 
      IP - ::ffff:127.0.0.1
     {"timestamp":"2022-01-11T18:23:21.368Z"}
info: Connected to the database. {"timestamp":"2022-01-11T18:23:22.576Z"}
info: Server started at http://localhost:5050/api/v1/ {"timestamp":"2022-01-11T18:25:40.198Z"}
info: Connected to the database. {"timestamp":"2022-01-11T18:25:44.691Z"}
error: 
      status - 400
      message - Authorization token is required 
      url - /api/v1/emp/addemployee 
      method - POST 
      IP - ::ffff:127.0.0.1
     {"timestamp":"2022-01-11T18:26:12.042Z"}
